31/05/26 20:57 – Ingreso de cliente Tabare
31/05/26 20:58 – Modificación de cliente Tabare
31/05/26 20:58 – Ingreso de funcionario Valen
31/05/26 20:58 – Actualización de tarifas con 1.0%
31/05/26 20:59 – Ingreso de paquete 123 de cliente Tabare
09/06/26 22:17 – Ingreso de cliente Valen
09/06/26 22:39 – Ingreso de cliente valenq
09/06/26 22:39 – Ingreso de cliente taba
09/06/26 22:40 – Ingreso de paquete asd123 de cliente valenq
09/06/26 22:42 – Ingreso de funcionario Vale Funcionari
09/06/26 22:43 – Ingreso de envío número 1
09/06/26 22:45 – Recepción de envío número 1 - 0 paquete(s) entregados
10/06/26 20:18 – Ingreso de cliente Valen
10/06/26 20:18 – Ingreso de cliente Taba
10/06/26 20:19 – Ingreso de funcionario Vale Func
10/06/26 20:19 – Ingreso de paquete 1234 de cliente Valen
10/06/26 20:20 – Ingreso de envío número 1
10/06/26 20:20 – Recepción de envío número 1 - 0 paquete(s) entregados
10/06/26 20:20 – Ingreso de paquete 123456 de cliente Taba
10/06/26 20:21 – Ingreso de envío número 2
10/06/26 20:47 – Ingreso de paquete 123456 de cliente valenq
10/06/26 20:48 – Ingreso de envío número 2
10/06/26 20:48 – Recepción de envío número 2 - 0 paquete(s) entregados
10/06/26 20:52 – Ingreso de paquete 123456 de cliente taba
10/06/26 20:52 – Ingreso de envío número 2
10/06/26 20:52 – Recepción de envío número 2 - 0 paquete(s) entregados
10/06/26 20:52 – Ingreso de envío número 3
10/06/26 20:53 – Recepción de envío número 3 - 0 paquete(s) entregados
10/06/26 20:53 – Ingreso de cliente Taba
10/06/26 20:53 – Ingreso de funcionario Valen
10/06/26 20:54 – Ingreso de paquete 123 de cliente Taba
10/06/26 20:54 – Ingreso de envío número 1
10/06/26 20:54 – Recepción de envío número 1 - 0 paquete(s) entregados
10/06/26 20:56 – Ingreso de paquete 5555 de cliente valenq
10/06/26 20:56 – Ingreso de envío número 3
10/06/26 20:56 – Recepción de envío número 3 - 0 paquete(s) entregados
10/06/26 21:10 – Ingreso de paquete 1212 de cliente valenq
10/06/26 21:10 – Ingreso de envío número 3
10/06/26 21:10 – Recepción de envío número 3 - 1 paquete(s) entregados
13/06/26 16:11 – Actualización de tarifas con 10.0%
13/06/26 16:11 – Actualización de tarifas con -10.0%
13/06/26 16:11 – Actualización de tarifas con 0.0%
13/06/26 16:20 – Ingreso de paquete paquete1 de cliente taba
13/06/26 16:21 – Ingreso de paquete paquete2 de cliente taba
13/06/26 16:21 – Ingreso de paquete paquete3 de cliente taba
13/06/26 16:27 – Ingreso de envío número 4
13/06/26 16:27 – Ingreso de envío número 5
13/06/26 16:31 – Recepción de envío número 4 - 1 paquete(s) entregados
19/06/26 10:53 – Ingreso de cliente Valen
19/06/26 10:54 – Ingreso de cliente Taba
19/06/26 10:55 – Ingreso de funcionario ValenEmp
19/06/26 10:56 – Ingreso de paquete 234R56543 de cliente Valen
19/06/26 10:58 – Ingreso de paquete 123456789 de cliente Valen
19/06/26 10:58 – Ingreso de envío número 1
19/06/26 10:59 – Ingreso de envío número 2
19/06/26 10:59 – Recepción de envío número 2
19/06/26 10:59 – Recepción de envío número 1
19/06/26 11:06 – Ingreso de paquete 123456 de cliente Valen
19/06/26 11:07 – Ingreso de envío número 3
19/06/26 11:07 – Recepción de envío número 3
19/06/26 11:09 – Ingreso de envío número 4
19/06/26 11:10 – Recepción de envío número 4
19/06/26 11:17 – Ingreso de paquete Identificador de cliente Taba
19/06/26 11:18 – Ingreso de envío número 5
19/06/26 11:18 – Ingreso de envío número 6
19/06/26 11:18 – Ingreso de envío número 7
19/06/26 11:18 – Recepción de envío número 5
19/06/26 11:24 – Ingreso de envío número 8
19/06/26 11:25 – Recepción de envío número 6
19/06/26 11:25 – Recepción de envío número 7
19/06/26 11:30 – Ingreso de envío número 8
19/06/26 11:33 – Ingreso de envío número 8
19/06/26 11:33 – Recepción de envío número 8
19/06/26 11:33 – Recepción de envío número 7
19/06/26 11:33 – Recepción de envío número 6
